<?xml version="1.0" encoding="UTF-8"?>
<!-- Generated by org.testng.reporters.JUnitXMLReporter -->
<testsuite hostname="HemanthChinnu" ignored="0" name="Test1" tests="1" failures="1" timestamp="2020-02-12T23:16:58 IST" time="12.224" errors="0">
  <testcase name="Home" time="4.935" classname="CaseTrack.HomeValidation">
    <failure type="junit.framework.ComparisonFailure" message="expected:&amp;lt;...&amp;gt; but was:&amp;lt;...12&amp;gt;">
      <![CDATA[junit.framework.ComparisonFailure: expected:<...> but was:<...12>
at junit.framework.Assert.assertEquals(Assert.java:81)
at junit.framework.Assert.assertEquals(Assert.java:87)
at CaseTrack.HomeValidation.Home(HomeValidation.java:30)
at java.util.ArrayList.forEach(ArrayList.java:1257)
... Removed 31 stack frames]]>
    </failure>
  </testcase> <!-- Home -->
</testsuite> <!-- Test1 -->
