-------------------------------------------------------------------------------
Test set: TestSuite
-------------------------------------------------------------------------------
Tests run: 3, Failures: 1, Errors: 0, Skipped: 0, Time elapsed: 67.255 s <<< FAILURE! - in TestSuite
CaseTrack.HomeValidation.Home  Time elapsed: 4.941 s  <<< FAILURE!
junit.framework.ComparisonFailure: expected:<...> but was:<...12>
	at CaseTrack.HomeValidation.Home(HomeValidation.java:30)

