<?xml version="1.0" encoding="UTF-8"?>
<testsuite xmlns:xsi="http://www.w3.org/2001/XMLSchema-instance" xsi:noNamespaceSchemaLocation="https://maven.apache.org/surefire/maven-surefire-plugin/xsd/surefire-test-report-3.0.xsd" version="3.0" name="TestSuite" time="67.255" tests="3" errors="0" skipped="0" failures="1">
  <properties>
[...]
</properties>
  <testcase name="basepagenavigation" classname="CaseTrack.Login" time="21.661"/>
  <testcase name="basepagenavigation" classname="CaseTrack.Login" time="23.82"/>
  <testcase name="Home" classname="CaseTrack.HomeValidation" time="4.941">
    <failure message="expected:&lt;...&gt; but was:&lt;...12&gt;" type="junit.framework.ComparisonFailure"><![CDATA[junit.framework.ComparisonFailure: expected:<...> but was:<...12>
	at CaseTrack.HomeValidation.Home(HomeValidation.java:30)
]]></failure>
    <system-err><![CDATA[Starting ChromeDriver 80.0.3987.16 (320f6526c1632ad4f205ebce69b99a062ed78647-refs/branch-heads/3987@{#185}) on port 28675
Only local connections are allowed.
Please protect ports used by ChromeDriver and related test frameworks to prevent access by malicious code.
[1581529610.387][WARNING]: Timed out connecting to Chrome, retrying...
Feb 12, 2020 11:16:52 PM org.openqa.selenium.remote.ProtocolHandshake createSession
INFO: Detected dialect: W3C
[1581529613.300][SEVERE]: Timed out receiving message from renderer: 0.100
[1581529613.404][SEVERE]: Timed out receiving message from renderer: 0.100
[1581529613.587][SEVERE]: Timed out receiving message from renderer: 0.100
[1581529613.689][SEVERE]: Timed out receiving message from renderer: 0.100
[1581529613.793][SEVERE]: Timed out receiving message from renderer: 0.100
[1581529613.911][SEVERE]: Timed out receiving message from renderer: 0.100
[1581529614.014][SEVERE]: Timed out receiving message from renderer: 0.100
[1581529614.117][SEVERE]: Timed out receiving message from renderer: 0.100
[1581529614.224][SEVERE]: Timed out receiving message from renderer: 0.100
[1581529614.334][SEVERE]: Timed out receiving message from renderer: 0.100
[1581529614.715][SEVERE]: Timed out receiving message from renderer: 0.100
[1581529615.363][SEVERE]: Timed out receiving message from renderer: 0.100
[1581529615.719][SEVERE]: Timed out receiving message from renderer: 0.100
[1581529615.820][SEVERE]: Timed out receiving message from renderer: 0.100
[1581529615.922][SEVERE]: Timed out receiving message from renderer: 0.100
[1581529616.023][SEVERE]: Timed out receiving message from renderer: 0.100
[1581529616.124][SEVERE]: Timed out receiving message from renderer: 0.100
[1581529616.226][SEVERE]: Timed out receiving message from renderer: 0.100
[1581529616.351][SEVERE]: Timed out receiving message from renderer: 0.100
[1581529616.632][SEVERE]: Timed out receiving message from renderer: 0.100
[1581529616.896][SEVERE]: Timed out receiving message from renderer: 0.100
[1581529616.998][SEVERE]: Timed out receiving message from renderer: 0.100
[1581529617.100][SEVERE]: Timed out receiving message from renderer: 0.100
[1581529617.299][SEVERE]: Timed out receiving message from renderer: 0.100
]]></system-err>
  </testcase>
</testsuite>