<?xml version="1.0" encoding="UTF-8"?>
<testng-results skipped="0" failed="1" ignored="0" total="3" passed="2">
  <reporter-output>
  </reporter-output>
  <suite name="Suite" duration-ms="65618" started-at="2020-02-12T23:15:52 IST" finished-at="2020-02-12T23:16:58 IST">
    <groups>
    </groups>
    <test name="Test" duration-ms="53322" started-at="2020-02-12T23:15:52 IST" finished-at="2020-02-12T23:16:46 IST">
      <class name="CaseTrack.Login">
        <test-method status="PASS" signature="initialise()[pri:0, instance:CaseTrack.Login@2a798d51]" name="initialise" is-config="true" duration-ms="7684" started-at="2020-02-12T23:15:52 IST" finished-at="2020-02-12T23:16:00 IST">
          <reporter-output>
          </reporter-output>
        </test-method> <!-- initialise -->
        <test-method status="PASS" signature="basepagenavigation(java.lang.String, java.lang.String)[pri:0, instance:CaseTrack.Login@2a798d51]" name="basepagenavigation" duration-ms="21654" started-at="2020-02-12T23:16:00 IST" data-provider="getData" finished-at="2020-02-12T23:16:22 IST">
          <params>
            <param index="0">
              <value>
                <![CDATA[pallavi]]>
              </value>
            </param>
            <param index="1">
              <value>
                <![CDATA[pavi]]>
              </value>
            </param>
          </params>
          <reporter-output>
          </reporter-output>
        </test-method> <!-- basepagenavigation -->
        <test-method status="PASS" signature="basepagenavigation(java.lang.String, java.lang.String)[pri:0, instance:CaseTrack.Login@2a798d51]" name="basepagenavigation" duration-ms="23823" started-at="2020-02-12T23:16:22 IST" data-provider="getData" finished-at="2020-02-12T23:16:46 IST">
          <params>
            <param index="0">
              <value>
                <![CDATA[pallavi.bellamkonda1994@gmail.com]]>
              </value>
            </param>
            <param index="1">
              <value>
                <![CDATA[pallavipavi]]>
              </value>
            </param>
          </params>
          <reporter-output>
          </reporter-output>
        </test-method> <!-- basepagenavigation -->
        <test-method status="PASS" signature="teardown()[pri:0, instance:CaseTrack.Login@2a798d51]" name="teardown" is-config="true" duration-ms="105" started-at="2020-02-12T23:16:46 IST" finished-at="2020-02-12T23:16:46 IST">
          <reporter-output>
          </reporter-output>
        </test-method> <!-- teardown -->
      </class> <!-- CaseTrack.Login -->
    </test> <!-- Test -->
    <test name="Test1" duration-ms="12224" started-at="2020-02-12T23:16:46 IST" finished-at="2020-02-12T23:16:58 IST">
      <class name="CaseTrack.HomeValidation">
        <test-method status="PASS" signature="Initialize()[pri:0, instance:CaseTrack.HomeValidation@7f3b84b8]" name="Initialize" is-config="true" duration-ms="6151" started-at="2020-02-12T23:16:46 IST" finished-at="2020-02-12T23:16:52 IST">
          <reporter-output>
          </reporter-output>
        </test-method> <!-- Initialize -->
        <test-method status="FAIL" signature="Home()[pri:0, instance:CaseTrack.HomeValidation@7f3b84b8]" name="Home" duration-ms="4935" started-at="2020-02-12T23:16:52 IST" finished-at="2020-02-12T23:16:57 IST">
          <exception class="junit.framework.ComparisonFailure">
            <message>
              <![CDATA[expected:<...> but was:<...12>]]>
            </message>
            <full-stacktrace>
              <![CDATA[junit.framework.ComparisonFailure: expected:<...> but was:<...12>
at junit.framework.Assert.assertEquals(Assert.java:81)
at junit.framework.Assert.assertEquals(Assert.java:87)
at CaseTrack.HomeValidation.Home(HomeValidation.java:30)
at sun.reflect.NativeMethodAccessorImpl.invoke0(Native Method)
at sun.reflect.NativeMethodAccessorImpl.invoke(NativeMethodAccessorImpl.java:62)
at sun.reflect.DelegatingMethodAccessorImpl.invoke(DelegatingMethodAccessorImpl.java:43)
at java.lang.reflect.Method.invoke(Method.java:498)
at org.testng.internal.MethodInvocationHelper.invokeMethod(MethodInvocationHelper.java:134)
at org.testng.internal.TestInvoker.invokeMethod(TestInvoker.java:597)
at org.testng.internal.TestInvoker.invokeTestMethod(TestInvoker.java:173)
at org.testng.internal.MethodRunner.runInSequence(MethodRunner.java:46)
at org.testng.internal.TestInvoker$MethodInvocationAgent.invoke(TestInvoker.java:816)
at org.testng.internal.TestInvoker.invokeTestMethods(TestInvoker.java:146)
at org.testng.internal.TestMethodWorker.invokeTestMethods(TestMethodWorker.java:146)
at org.testng.internal.TestMethodWorker.run(TestMethodWorker.java:128)
at java.util.ArrayList.forEach(ArrayList.java:1257)
at org.testng.TestRunner.privateRun(TestRunner.java:766)
at org.testng.TestRunner.run(TestRunner.java:587)
at org.testng.SuiteRunner.runTest(SuiteRunner.java:384)
at org.testng.SuiteRunner.runSequentially(SuiteRunner.java:378)
at org.testng.SuiteRunner.privateRun(SuiteRunner.java:337)
at org.testng.SuiteRunner.run(SuiteRunner.java:286)
at org.testng.SuiteRunnerWorker.runSuite(SuiteRunnerWorker.java:53)
at org.testng.SuiteRunnerWorker.run(SuiteRunnerWorker.java:96)
at org.testng.TestNG.runSuitesSequentially(TestNG.java:1187)
at org.testng.TestNG.runSuitesLocally(TestNG.java:1109)
at org.testng.TestNG.runSuites(TestNG.java:1039)
at org.testng.TestNG.run(TestNG.java:1007)
at org.apache.maven.surefire.testng.TestNGExecutor.run(TestNGExecutor.java:283)
at org.apache.maven.surefire.testng.TestNGXmlTestSuite.execute(TestNGXmlTestSuite.java:75)
at org.apache.maven.surefire.testng.TestNGProvider.invoke(TestNGProvider.java:120)
at org.apache.maven.surefire.booter.ForkedBooter.runSuitesInProcess(ForkedBooter.java:377)
at org.apache.maven.surefire.booter.ForkedBooter.execute(ForkedBooter.java:138)
at org.apache.maven.surefire.booter.ForkedBooter.run(ForkedBooter.java:465)
at org.apache.maven.surefire.booter.ForkedBooter.main(ForkedBooter.java:451)
]]>
            </full-stacktrace>
          </exception> <!-- junit.framework.ComparisonFailure -->
          <reporter-output>
          </reporter-output>
        </test-method> <!-- Home -->
        <test-method status="PASS" signature="tairdown()[pri:0, instance:CaseTrack.HomeValidation@7f3b84b8]" name="tairdown" is-config="true" duration-ms="338" started-at="2020-02-12T23:16:58 IST" finished-at="2020-02-12T23:16:58 IST">
          <reporter-output>
          </reporter-output>
        </test-method> <!-- tairdown -->
      </class> <!-- CaseTrack.HomeValidation -->
    </test> <!-- Test1 -->
  </suite> <!-- Suite -->
</testng-results>
