<?xml version="1.0" encoding="UTF-8"?>
<testng-results ignored="0" total="3" passed="3" failed="0" skipped="0">
  <reporter-output>
  </reporter-output>
  <suite started-at="2020-02-11T23:22:39 IST" name="Suite" finished-at="2020-02-11T23:23:26 IST" duration-ms="47072">
    <groups>
    </groups>
    <test started-at="2020-02-11T23:22:39 IST" name="Test" finished-at="2020-02-11T23:23:14 IST" duration-ms="34521">
      <class name="CaseTrack.Login">
        <test-method is-config="true" signature="initialise()[pri:0, instance:CaseTrack.Login@60d8c9b7]" started-at="2020-02-11T23:22:39 IST" name="initialise" finished-at="2020-02-11T23:22:47 IST" duration-ms="7439" status="PASS">
          <reporter-output>
          </reporter-output>
        </test-method> <!-- initialise -->
        <test-method signature="basepagenavigation(java.lang.String, java.lang.String)[pri:0, instance:CaseTrack.Login@60d8c9b7]" started-at="2020-02-11T23:22:47 IST" name="basepagenavigation" data-provider="getData" finished-at="2020-02-11T23:22:59 IST" duration-ms="11921" status="PASS">
          <params>
            <param index="0">
              <value>
                <![CDATA[pallavi]]>
              </value>
            </param>
            <param index="1">
              <value>
                <![CDATA[pavi]]>
              </value>
            </param>
          </params>
          <reporter-output>
          </reporter-output>
        </test-method> <!-- basepagenavigation -->
        <test-method signature="basepagenavigation(java.lang.String, java.lang.String)[pri:0, instance:CaseTrack.Login@60d8c9b7]" started-at="2020-02-11T23:22:59 IST" name="basepagenavigation" data-provider="getData" finished-at="2020-02-11T23:23:14 IST" duration-ms="14919" status="PASS">
          <params>
            <param index="0">
              <value>
                <![CDATA[pallavi.bellamkonda1994@gmail.com]]>
              </value>
            </param>
            <param index="1">
              <value>
                <![CDATA[pallavipavi]]>
              </value>
            </param>
          </params>
          <reporter-output>
          </reporter-output>
        </test-method> <!-- basepagenavigation -->
        <test-method is-config="true" signature="teardown()[pri:0, instance:CaseTrack.Login@60d8c9b7]" started-at="2020-02-11T23:23:14 IST" name="teardown" finished-at="2020-02-11T23:23:14 IST" duration-ms="149" status="PASS">
          <reporter-output>
          </reporter-output>
        </test-method> <!-- teardown -->
      </class> <!-- CaseTrack.Login -->
    </test> <!-- Test -->
    <test started-at="2020-02-11T23:23:14 IST" name="Test1" finished-at="2020-02-11T23:23:26 IST" duration-ms="12420">
      <class name="CaseTrack.HomeValidation">
        <test-method is-config="true" signature="Initialize()[pri:0, instance:CaseTrack.HomeValidation@31c88ec8]" started-at="2020-02-11T23:23:14 IST" name="Initialize" finished-at="2020-02-11T23:23:20 IST" duration-ms="5648" status="PASS">
          <reporter-output>
          </reporter-output>
        </test-method> <!-- Initialize -->
        <test-method signature="Home()[pri:0, instance:CaseTrack.HomeValidation@31c88ec8]" started-at="2020-02-11T23:23:20 IST" name="Home" finished-at="2020-02-11T23:23:26 IST" duration-ms="6568" status="PASS">
          <reporter-output>
          </reporter-output>
        </test-method> <!-- Home -->
        <test-method is-config="true" signature="tairdown()[pri:0, instance:CaseTrack.HomeValidation@31c88ec8]" started-at="2020-02-11T23:23:26 IST" name="tairdown" finished-at="2020-02-11T23:23:26 IST" duration-ms="201" status="PASS">
          <reporter-output>
          </reporter-output>
        </test-method> <!-- tairdown -->
      </class> <!-- CaseTrack.HomeValidation -->
    </test> <!-- Test1 -->
  </suite> <!-- Suite -->
</testng-results>
